[0;34m=== Début des tests HBNB complets ===[0m

[1;33mNettoyage base de données...[0m

[0;34mTesting: Status API[0m
[0;31m✗ Status API[0m
[0;31mResponse: {
  "error": "Not found"
}[0m
[0;31mExpected: {"status":"OK"}[0m

[0;34mTesting: Statistiques[0m
[0;32m✓ Statistiques[0m

[0;34m=== Tests User ===[0m

[0;34mTesting: Création utilisateur valide[0m
[0;32m✓ Création utilisateur valide[0m

[0;34mTesting: Email invalide[0m
[0;32m✓ Email invalide[0m

[0;34mTesting: Password manquant[0m
[0;32m✓ Password manquant[0m

[0;34m=== Tests State et City ===[0m

[0;34mTesting: Création State[0m
[0;32m✓ Création State[0m

[0;34mTesting: Création City[0m
[0;32m✓ Création City[0m

[0;34mTesting: Get cities d'un state[0m
[0;32m✓ Get cities d'un state[0m

[0;34m=== Tests Place ===[0m

[0;34mTesting: Création Place[0m
[0;32m✓ Création Place[0m

[0;34mTesting: Update Place[0m
[0;32m✓ Update Place[0m

[0;34m=== Tests Amenity et Relations ===[0m

[0;34mTesting: Création Amenity1[0m
[0;32m✓ Création Amenity1[0m

[0;34mTesting: Création Amenity2[0m
[0;32m✓ Création Amenity2[0m

[0;34mTesting: Link Amenity-Place[0m
[0;32m✓ Link Amenity-Place[0m

[0;34mTesting: Get Place Amenities[0m
[0;32m✓ Get Place Amenities[0m

[0;34m=== Tests Review ===[0m

[0;34mTesting: Création Review[0m
[0;32m✓ Création Review[0m

[0;34mTesting: Get Reviews[0m
[0;32m✓ Get Reviews[0m

[0;34m=== Tests Search ===[0m

[0;34mTesting: Search simple[0m
[0;32m✓ Search simple[0m

[0;34mTesting: Search avec filtres[0m
[0;32m✓ Search avec filtres[0m

[0;34m=== Tests Delete Cascade ===[0m

[0;34mTesting: Delete State[0m
[0;32m✓ Delete State[0m

[0;35m=== Rapport Final Détaillé ===[0m

[0;35m=== Base ===[0m
Tests: 2
Réussis: [0;32m1[0m
Échoués: [0;31m1[0m
Couverture: [1;33m50%[0m

[0;35m=== User ===[0m
Tests: 3
Réussis: [0;32m3[0m
Échoués: [0;31m[0m
Couverture: [1;33m100%[0m

[0;35m=== State ===[0m
Tests: 1
Réussis: [0;32m1[0m
Échoués: [0;31m[0m
Couverture: [1;33m100%[0m

[0;35m=== City ===[0m
Tests: 2
Réussis: [0;32m2[0m
Échoués: [0;31m[0m
Couverture: [1;33m100%[0m

[0;35m=== Place ===[0m
Tests: 2
Réussis: [0;32m2[0m
Échoués: [0;31m[0m
Couverture: [1;33m100%[0m

[0;35m=== Amenity ===[0m
Tests: 2
Réussis: [0;32m2[0m
Échoués: [0;31m[0m
Couverture: [1;33m100%[0m

[0;35m=== Relations ===[0m
Tests: 2
Réussis: [0;32m2[0m
Échoués: [0;31m[0m
Couverture: [1;33m100%[0m

[0;35m=== Review ===[0m
Tests: 2
Réussis: [0;32m2[0m
Échoués: [0;31m[0m
Couverture: [1;33m100%[0m

[0;35m=== Search ===[0m
Tests: 2
Réussis: [0;32m2[0m
Échoués: [0;31m[0m
Couverture: [1;33m100%[0m

[0;35m=== Delete ===[0m
Tests: 1
Réussis: [0;32m1[0m
Échoués: [0;31m[0m
Couverture: [1;33m100%[0m

[0;34m=== Synthèse Globale ===[0m
Total tests exécutés: [1;33m19[0m
Tests réussis: [0;32m18[0m
Tests échoués: [0;31m1[0m
Couverture globale: [1;33m94%[0m

[0;31mEndpoints à vérifier :[0m
- Base: 1 échecs
[1;33mNettoyage base de données...[0m

[1;33mNettoyage final effectué[0m
